<?xml version="1.0" encoding="UTF-8"?>
<testsuite xmlns:xsi="http://www.w3.org/2001/XMLSchema-instance" xsi:noNamespaceSchemaLocation="https://maven.apache.org/surefire/maven-surefire-plugin/xsd/surefire-test-report.xsd" name="testPackage.MatrixTest" time="0.108" tests="19" errors="0" skipped="0" failures="0">
  <properties>
    <property name="sun.desktop" value="windows"/>
    <property name="awt.toolkit" value="sun.awt.windows.WToolkit"/>
    <property name="java.specification.version" value="11"/>
    <property name="sun.cpu.isalist" value="amd64"/>
    <property name="sun.jnu.encoding" value="Cp1251"/>
    <property name="java.class.path" value="C:\Users\vladi\IdeaProjects\MatrixUnitTesting\target\test-classes;C:\Users\vladi\IdeaProjects\MatrixUnitTesting\target\classes;C:\Users\vladi\.m2\repository\org\junit\jupiter\junit-jupiter-engine\5.2.0\junit-jupiter-engine-5.2.0.jar;C:\Users\vladi\.m2\repository\org\apiguardian\apiguardian-api\1.0.0\apiguardian-api-1.0.0.jar;C:\Users\vladi\.m2\repository\org\junit\platform\junit-platform-engine\1.2.0\junit-platform-engine-1.2.0.jar;C:\Users\vladi\.m2\repository\org\junit\platform\junit-platform-commons\1.2.0\junit-platform-commons-1.2.0.jar;C:\Users\vladi\.m2\repository\org\opentest4j\opentest4j\1.1.0\opentest4j-1.1.0.jar;C:\Users\vladi\.m2\repository\org\junit\jupiter\junit-jupiter-api\5.2.0\junit-jupiter-api-5.2.0.jar;C:\Users\vladi\.m2\repository\org\junit\platform\junit-platform-runner\1.2.0\junit-platform-runner-1.2.0.jar;C:\Users\vladi\.m2\repository\org\junit\platform\junit-platform-launcher\1.2.0\junit-platform-launcher-1.2.0.jar;C:\Users\vladi\.m2\repository\org\junit\platform\junit-platform-suite-api\1.2.0\junit-platform-suite-api-1.2.0.jar;C:\Users\vladi\.m2\repository\junit\junit\4.12\junit-4.12.jar;C:\Users\vladi\.m2\repository\org\hamcrest\hamcrest-core\1.3\hamcrest-core-1.3.jar;C:\Users\vladi\.m2\repository\org\junit\jupiter\junit-jupiter-params\5.4.2\junit-jupiter-params-5.4.2.jar;C:\Users\vladi\.m2\repository\commons-io\commons-io\2.4\commons-io-2.4.jar;"/>
    <property name="java.vm.vendor" value="JetBrains s.r.o"/>
    <property name="sun.arch.data.model" value="64"/>
    <property name="user.variant" value=""/>
    <property name="java.vendor.url" value="https://www.jetbrains.com/"/>
    <property name="user.timezone" value="Europe/Moscow"/>
    <property name="java.vm.specification.version" value="11"/>
    <property name="os.name" value="Windows 10"/>
    <property name="sun.java.launcher" value="SUN_STANDARD"/>
    <property name="user.country" value="RU"/>
    <property name="sun.boot.library.path" value="C:\Program Files\JetBrains\IntelliJ IDEA Community Edition 2019.2.3\jbr\bin"/>
    <property name="sun.java.command" value="C:\Users\vladi\AppData\Local\Temp\surefire16142096825329386021\surefirebooter6871346168249315309.jar C:\Users\vladi\AppData\Local\Temp\surefire16142096825329386021 2020-04-30T05-13-47_908-jvmRun1 surefire5593937126029504707tmp surefire_010698118408959072841tmp"/>
    <property name="jdk.debug" value="release"/>
    <property name="surefire.test.class.path" value="C:\Users\vladi\IdeaProjects\MatrixUnitTesting\target\test-classes;C:\Users\vladi\IdeaProjects\MatrixUnitTesting\target\classes;C:\Users\vladi\.m2\repository\org\junit\jupiter\junit-jupiter-engine\5.2.0\junit-jupiter-engine-5.2.0.jar;C:\Users\vladi\.m2\repository\org\apiguardian\apiguardian-api\1.0.0\apiguardian-api-1.0.0.jar;C:\Users\vladi\.m2\repository\org\junit\platform\junit-platform-engine\1.2.0\junit-platform-engine-1.2.0.jar;C:\Users\vladi\.m2\repository\org\junit\platform\junit-platform-commons\1.2.0\junit-platform-commons-1.2.0.jar;C:\Users\vladi\.m2\repository\org\opentest4j\opentest4j\1.1.0\opentest4j-1.1.0.jar;C:\Users\vladi\.m2\repository\org\junit\jupiter\junit-jupiter-api\5.2.0\junit-jupiter-api-5.2.0.jar;C:\Users\vladi\.m2\repository\org\junit\platform\junit-platform-runner\1.2.0\junit-platform-runner-1.2.0.jar;C:\Users\vladi\.m2\repository\org\junit\platform\junit-platform-launcher\1.2.0\junit-platform-launcher-1.2.0.jar;C:\Users\vladi\.m2\repository\org\junit\platform\junit-platform-suite-api\1.2.0\junit-platform-suite-api-1.2.0.jar;C:\Users\vladi\.m2\repository\junit\junit\4.12\junit-4.12.jar;C:\Users\vladi\.m2\repository\org\hamcrest\hamcrest-core\1.3\hamcrest-core-1.3.jar;C:\Users\vladi\.m2\repository\org\junit\jupiter\junit-jupiter-params\5.4.2\junit-jupiter-params-5.4.2.jar;C:\Users\vladi\.m2\repository\commons-io\commons-io\2.4\commons-io-2.4.jar;"/>
    <property name="sun.cpu.endian" value="little"/>
    <property name="user.home" value="C:\Users\vladi"/>
    <property name="user.language" value="ru"/>
    <property name="java.specification.vendor" value="Oracle Corporation"/>
    <property name="java.version.date" value="2019-07-16"/>
    <property name="java.home" value="C:\Program Files\JetBrains\IntelliJ IDEA Community Edition 2019.2.3\jbr"/>
    <property name="file.separator" value="\"/>
    <property name="basedir" value="C:\Users\vladi\IdeaProjects\MatrixUnitTesting"/>
    <property name="java.vm.compressedOopsMode" value="32-bit"/>
    <property name="line.separator" value="&#10;"/>
    <property name="idea.version2019.2.3" value="true"/>
    <property name="java.specification.name" value="Java Platform API Specification"/>
    <property name="java.vm.specification.vendor" value="Oracle Corporation"/>
    <property name="java.awt.graphicsenv" value="sun.awt.Win32GraphicsEnvironment"/>
    <property name="surefire.real.class.path" value="C:\Users\vladi\AppData\Local\Temp\surefire16142096825329386021\surefirebooter6871346168249315309.jar"/>
    <property name="user.script" value=""/>
    <property name="sun.management.compiler" value="HotSpot 64-Bit Tiered Compilers"/>
    <property name="java.runtime.version" value="11.0.4+10-b304.69"/>
    <property name="user.name" value="vlad"/>
    <property name="path.separator" value=";"/>
    <property name="os.version" value="10.0"/>
    <property name="java.runtime.name" value="OpenJDK Runtime Environment"/>
    <property name="file.encoding" value="Cp1251"/>
    <property name="java.vm.name" value="OpenJDK 64-Bit Server VM"/>
    <property name="localRepository" value="C:\Users\vladi\.m2\repository"/>
    <property name="java.vendor.url.bug" value="https://youtrack.jetbrains.com"/>
    <property name="java.io.tmpdir" value="C:\Users\vladi\AppData\Local\Temp\"/>
    <property name="java.version" value="11.0.4"/>
    <property name="user.dir" value="C:\Users\vladi\IdeaProjects\MatrixUnitTesting"/>
    <property name="os.arch" value="amd64"/>
    <property name="java.vm.specification.name" value="Java Virtual Machine Specification"/>
    <property name="java.awt.printerjob" value="sun.awt.windows.WPrinterJob"/>
    <property name="sun.os.patch.level" value=""/>
    <property name="java.library.path" value="C:\Program Files\JetBrains\IntelliJ IDEA Community Edition 2019.2.3\jbr\bin;C:\Windows\Sun\Java\bin;C:\Windows\system32;C:\Windows;C:\Program Files\Microsoft MPI\Bin\;C:\Windows\system32;C:\Windows;C:\Windows\System32\Wbem;C:\Windows\System32\WindowsPowerShell\v1.0\;C:\Windows\System32\OpenSSH\;C:\Program Files\Git\cmd;C:\Program Files\nodejs\;C:\Users\vladi\AppData\Local\Microsoft\WindowsApps;C:\Program Files\CMake\bin;C:\Program Files\JetBrains\IntelliJ IDEA 2019.2.3\bin;;C:\Users\vladi\AppData\Local\Programs\Microsoft VS Code\bin;C:\Program Files\JetBrains\IntelliJ IDEA Community Edition 2019.2.3\bin;;C:\mingw-w64\x86_64-8.1.0-posix-seh-rt_v6-rev0\mingw64\bin;C:\Users\vladi\AppData\Roaming\npm;."/>
    <property name="java.vendor" value="JetBrains s.r.o"/>
    <property name="java.vm.info" value="mixed mode, sharing"/>
    <property name="java.vm.version" value="11.0.4+10-b304.69"/>
    <property name="sun.io.unicode.encoding" value="UnicodeLittle"/>
    <property name="java.class.version" value="55.0"/>
  </properties>
  <testcase name="subtractionOfTwoWrongMatrixShouldThrow" classname="testPackage.MatrixTest" time="0.005"/>
  <testcase name="additionOfTwoRightMatrixShouldReturnRightResult2" classname="testPackage.MatrixTest" time="0.002"/>
  <testcase name="miltiplicationOfTwoRightMatrixShouldReturnRightResult2" classname="testPackage.MatrixTest" time="0.002"/>
  <testcase name="multiplicationByNumberShouldReturnRightResultParameterized{int}[1]" classname="testPackage.MatrixTest" time="0.025"/>
  <testcase name="multiplicationByNumberShouldReturnRightResultParameterized{int}[2]" classname="testPackage.MatrixTest" time="0.001"/>
  <testcase name="multiplicationByNumberShouldReturnRightResultParameterized{int}[3]" classname="testPackage.MatrixTest" time="0"/>
  <testcase name="multiplicationByNumberShouldReturnRightResultParameterized{int}[4]" classname="testPackage.MatrixTest" time="0.001"/>
  <testcase name="multiplicationByNumberShouldReturnRightResultParameterized{int}[5]" classname="testPackage.MatrixTest" time="0"/>
  <testcase name="multiplicationByNumberShouldReturnRightResult" classname="testPackage.MatrixTest" time="0.001"/>
  <testcase name="multiplicationByNumberShouldReturnRightResult2" classname="testPackage.MatrixTest" time="0"/>
  <testcase name="additionOfTwoWrongMatrixShouldThrow" classname="testPackage.MatrixTest" time="0.001"/>
  <testcase name="subtractionOfTwoRightMatrixShouldReturnRightResult2" classname="testPackage.MatrixTest" time="0"/>
  <testcase name="additionMatrixFromFileShouldBeCorrect" classname="testPackage.MatrixTest" time="0.005"/>
  <testcase name="subtractionOfTwoRightMatrixShouldReturnRightResult" classname="testPackage.MatrixTest" time="0.001"/>
  <testcase name="additionOfTwoRightMatrixShouldReturnRightResult" classname="testPackage.MatrixTest" time="0"/>
  <testcase name="subtractionOfTwoWrongMatrixShouldThrow2" classname="testPackage.MatrixTest" time="0.001"/>
  <testcase name="miltiplicationOfTwoWrongMatrixShouldThrow" classname="testPackage.MatrixTest" time="0.001"/>
  <testcase name="multiplicationOfTwoRightMatrixShouldReturnRightResult" classname="testPackage.MatrixTest" time="0.001"/>
  <testcase name="additionOfTwoWrongMatrixShouldThrow2" classname="testPackage.MatrixTest" time="0.001"/>
</testsuite>